{"/Users/kairamsay/MyApi-304CEM/Spec/film-spec.js":{"path":"/Users/kairamsay/MyApi-304CEM/Spec/film-spec.js","s":{"1":1,"2":1,"3":0,"4":0,"5":0,"6":0,"7":0,"8":0,"9":0,"10":0,"11":0,"12":0,"13":0,"14":0,"15":0,"16":0,"17":0,"18":0,"19":0,"20":0,"21":0,"22":0,"23":0,"24":0,"25":0,"26":0},"b":{},"f":{"1":0,"2":0,"3":0,"4":0,"5":0,"6":0,"7":0,"8":0,"9":0},"fnMap":{"1":{"name":"(anonymous_1)","line":3,"loc":{"start":{"line":3,"column":32},"end":{"line":3,"column":44}}},"2":{"name":"(anonymous_2)","line":4,"loc":{"start":{"line":4,"column":32},"end":{"line":4,"column":48}}},"3":{"name":"(anonymous_3)","line":5,"loc":{"start":{"line":5,"column":36},"end":{"line":5,"column":65}}},"4":{"name":"(anonymous_4)","line":12,"loc":{"start":{"line":12,"column":33},"end":{"line":12,"column":49}}},"5":{"name":"(anonymous_5)","line":13,"loc":{"start":{"line":13,"column":29},"end":{"line":13,"column":58}}},"6":{"name":"(anonymous_6)","line":20,"loc":{"start":{"line":20,"column":36},"end":{"line":20,"column":52}}},"7":{"name":"(anonymous_7)","line":21,"loc":{"start":{"line":21,"column":47},"end":{"line":21,"column":76}}},"8":{"name":"(anonymous_8)","line":28,"loc":{"start":{"line":28,"column":33},"end":{"line":28,"column":49}}},"9":{"name":"(anonymous_9)","line":29,"loc":{"start":{"line":29,"column":33},"end":{"line":29,"column":62}}}},"statementMap":{"1":{"start":{"line":2,"column":0},"end":{"line":2,"column":39}},"2":{"start":{"line":3,"column":0},"end":{"line":37,"column":2}},"3":{"start":{"line":4,"column":4},"end":{"line":11,"column":6}},"4":{"start":{"line":5,"column":8},"end":{"line":10,"column":10}},"5":{"start":{"line":6,"column":12},"end":{"line":6,"column":34}},"6":{"start":{"line":7,"column":12},"end":{"line":7,"column":64}},"7":{"start":{"line":8,"column":12},"end":{"line":8,"column":67}},"8":{"start":{"line":9,"column":12},"end":{"line":9,"column":18}},"9":{"start":{"line":12,"column":4},"end":{"line":19,"column":6}},"10":{"start":{"line":13,"column":8},"end":{"line":18,"column":10}},"11":{"start":{"line":14,"column":12},"end":{"line":14,"column":34}},"12":{"start":{"line":15,"column":12},"end":{"line":15,"column":55}},"13":{"start":{"line":16,"column":12},"end":{"line":16,"column":57}},"14":{"start":{"line":17,"column":12},"end":{"line":17,"column":18}},"15":{"start":{"line":20,"column":4},"end":{"line":27,"column":6}},"16":{"start":{"line":21,"column":8},"end":{"line":26,"column":10}},"17":{"start":{"line":22,"column":12},"end":{"line":22,"column":34}},"18":{"start":{"line":23,"column":12},"end":{"line":23,"column":58}},"19":{"start":{"line":24,"column":12},"end":{"line":24,"column":50}},"20":{"start":{"line":25,"column":12},"end":{"line":25,"column":18}},"21":{"start":{"line":28,"column":4},"end":{"line":35,"column":6}},"22":{"start":{"line":29,"column":8},"end":{"line":34,"column":10}},"23":{"start":{"line":30,"column":12},"end":{"line":30,"column":34}},"24":{"start":{"line":31,"column":12},"end":{"line":31,"column":55}},"25":{"start":{"line":32,"column":12},"end":{"line":32,"column":57}},"26":{"start":{"line":33,"column":12},"end":{"line":33,"column":18}}},"branchMap":{}},"/Users/kairamsay/MyApi-304CEM/modules/film.js":{"path":"/Users/kairamsay/MyApi-304CEM/modules/film.js","s":{"1":1,"2":1,"3":1,"4":1,"5":1,"6":0,"7":0,"8":0,"9":0,"10":0,"11":1,"12":0,"13":0,"14":0,"15":0,"16":1,"17":0,"18":0,"19":0,"20":0,"21":0,"22":0,"23":0,"24":0,"25":0,"26":0,"27":0,"28":0,"29":0,"30":0,"31":0,"32":0,"33":0,"34":0,"35":0,"36":0},"b":{"1":[0,0],"2":[0,0],"3":[0,0],"4":[0,0],"5":[0,0]},"f":{"1":0,"2":0,"3":0,"4":0,"5":0,"6":0},"fnMap":{"1":{"name":"(anonymous_1)","line":5,"loc":{"start":{"line":5,"column":22},"end":{"line":5,"column":55}}},"2":{"name":"(anonymous_2)","line":14,"loc":{"start":{"line":14,"column":20},"end":{"line":14,"column":53}}},"3":{"name":"(anonymous_3)","line":19,"loc":{"start":{"line":19,"column":19},"end":{"line":19,"column":58}}},"4":{"name":"(anonymous_4)","line":20,"loc":{"start":{"line":20,"column":66},"end":{"line":20,"column":99}}},"5":{"name":"(anonymous_5)","line":25,"loc":{"start":{"line":25,"column":19},"end":{"line":25,"column":47}}},"6":{"name":"(anonymous_6)","line":43,"loc":{"start":{"line":43,"column":27},"end":{"line":43,"column":49}}}},"statementMap":{"1":{"start":{"line":1,"column":0},"end":{"line":1,"column":34}},"2":{"start":{"line":2,"column":0},"end":{"line":2,"column":45}},"3":{"start":{"line":3,"column":0},"end":{"line":3,"column":38}},"4":{"start":{"line":4,"column":0},"end":{"line":4,"column":42}},"5":{"start":{"line":5,"column":0},"end":{"line":18,"column":1}},"6":{"start":{"line":6,"column":4},"end":{"line":13,"column":7}},"7":{"start":{"line":14,"column":4},"end":{"line":17,"column":6}},"8":{"start":{"line":15,"column":8},"end":{"line":15,"column":41}},"9":{"start":{"line":15,"column":19},"end":{"line":15,"column":41}},"10":{"start":{"line":16,"column":8},"end":{"line":16,"column":47}},"11":{"start":{"line":19,"column":0},"end":{"line":24,"column":1}},"12":{"start":{"line":20,"column":4},"end":{"line":23,"column":6}},"13":{"start":{"line":21,"column":8},"end":{"line":21,"column":41}},"14":{"start":{"line":21,"column":19},"end":{"line":21,"column":41}},"15":{"start":{"line":22,"column":8},"end":{"line":22,"column":47}},"16":{"start":{"line":25,"column":0},"end":{"line":54,"column":1}},"17":{"start":{"line":26,"column":4},"end":{"line":26,"column":53}},"18":{"start":{"line":27,"column":4},"end":{"line":27,"column":20}},"19":{"start":{"line":28,"column":4},"end":{"line":53,"column":6}},"20":{"start":{"line":29,"column":8},"end":{"line":29,"column":69}},"21":{"start":{"line":29,"column":17},"end":{"line":29,"column":69}},"22":{"start":{"line":30,"column":8},"end":{"line":30,"column":37}},"23":{"start":{"line":31,"column":8},"end":{"line":34,"column":9}},"24":{"start":{"line":32,"column":12},"end":{"line":32,"column":37}},"25":{"start":{"line":33,"column":12},"end":{"line":33,"column":53}},"26":{"start":{"line":35,"column":8},"end":{"line":35,"column":46}},"27":{"start":{"line":36,"column":8},"end":{"line":41,"column":9}},"28":{"start":{"line":42,"column":8},"end":{"line":42,"column":54}},"29":{"start":{"line":43,"column":8},"end":{"line":52,"column":10}},"30":{"start":{"line":44,"column":12},"end":{"line":44,"column":39}},"31":{"start":{"line":45,"column":12},"end":{"line":48,"column":13}},"32":{"start":{"line":46,"column":16},"end":{"line":46,"column":52}},"33":{"start":{"line":47,"column":16},"end":{"line":47,"column":57}},"34":{"start":{"line":49,"column":12},"end":{"line":49,"column":38}},"35":{"start":{"line":50,"column":12},"end":{"line":50,"column":30}},"36":{"start":{"line":51,"column":12},"end":{"line":51,"column":40}}},"branchMap":{"1":{"line":15,"type":"if","locations":[{"start":{"line":15,"column":8},"end":{"line":15,"column":8}},{"start":{"line":15,"column":8},"end":{"line":15,"column":8}}]},"2":{"line":21,"type":"if","locations":[{"start":{"line":21,"column":8},"end":{"line":21,"column":8}},{"start":{"line":21,"column":8},"end":{"line":21,"column":8}}]},"3":{"line":29,"type":"if","locations":[{"start":{"line":29,"column":8},"end":{"line":29,"column":8}},{"start":{"line":29,"column":8},"end":{"line":29,"column":8}}]},"4":{"line":31,"type":"if","locations":[{"start":{"line":31,"column":8},"end":{"line":31,"column":8}},{"start":{"line":31,"column":8},"end":{"line":31,"column":8}}]},"5":{"line":45,"type":"if","locations":[{"start":{"line":45,"column":12},"end":{"line":45,"column":12}},{"start":{"line":45,"column":12},"end":{"line":45,"column":12}}]}}},"/Users/kairamsay/MyApi-304CEM/Schema/Schema.js":{"path":"/Users/kairamsay/MyApi-304CEM/Schema/Schema.js","s":{"1":1,"2":1,"3":1,"4":1,"5":1,"6":1},"b":{},"f":{},"fnMap":{},"statementMap":{"1":{"start":{"line":3,"column":0},"end":{"line":3,"column":36}},"2":{"start":{"line":5,"column":0},"end":{"line":5,"column":94}},"3":{"start":{"line":7,"column":0},"end":{"line":7,"column":33}},"4":{"start":{"line":8,"column":0},"end":{"line":8,"column":30}},"5":{"start":{"line":10,"column":0},"end":{"line":16,"column":2}},"6":{"start":{"line":18,"column":0},"end":{"line":18,"column":52}}},"branchMap":{}},"/Users/kairamsay/MyApi-304CEM/modules/persistence.js":{"path":"/Users/kairamsay/MyApi-304CEM/modules/persistence.js","s":{"1":1,"2":1,"3":1,"4":1,"5":0,"6":0,"7":0,"8":0,"9":0,"10":0,"11":0,"12":1,"13":0,"14":0,"15":0,"16":0,"17":0,"18":0,"19":0,"20":1,"21":0,"22":0,"23":0,"24":0,"25":0,"26":0,"27":0,"28":1,"29":0,"30":0,"31":0,"32":0,"33":0,"34":0,"35":0},"b":{"1":[0,0],"2":[0,0,0,0,0],"3":[0,0],"4":[0,0],"5":[0,0],"6":[0,0]},"f":{"1":0,"2":0,"3":0,"4":0,"5":0,"6":0},"fnMap":{"1":{"name":"(anonymous_1)","line":17,"loc":{"start":{"line":17,"column":25},"end":{"line":17,"column":50}}},"2":{"name":"(anonymous_2)","line":19,"loc":{"start":{"line":19,"column":26},"end":{"line":19,"column":49}}},"3":{"name":"(anonymous_3)","line":28,"loc":{"start":{"line":28,"column":28},"end":{"line":28,"column":52}}},"4":{"name":"(anonymous_4)","line":32,"loc":{"start":{"line":32,"column":7},"end":{"line":32,"column":30}}},"5":{"name":"(anonymous_5)","line":41,"loc":{"start":{"line":41,"column":17},"end":{"line":41,"column":41}}},"6":{"name":"(anonymous_6)","line":45,"loc":{"start":{"line":45,"column":7},"end":{"line":45,"column":30}}}},"statementMap":{"1":{"start":{"line":2,"column":0},"end":{"line":2,"column":42}},"2":{"start":{"line":3,"column":0},"end":{"line":3,"column":49}},"3":{"start":{"line":4,"column":0},"end":{"line":4,"column":30}},"4":{"start":{"line":5,"column":0},"end":{"line":16,"column":1}},"5":{"start":{"line":6,"column":4},"end":{"line":8,"column":5}},"6":{"start":{"line":7,"column":8},"end":{"line":7,"column":57}},"7":{"start":{"line":9,"column":4},"end":{"line":9,"column":45}},"8":{"start":{"line":10,"column":4},"end":{"line":15,"column":6}},"9":{"start":{"line":11,"column":8},"end":{"line":13,"column":9}},"10":{"start":{"line":12,"column":12},"end":{"line":12,"column":55}},"11":{"start":{"line":14,"column":8},"end":{"line":14,"column":29}},"12":{"start":{"line":17,"column":0},"end":{"line":27,"column":1}},"13":{"start":{"line":18,"column":4},"end":{"line":18,"column":53}},"14":{"start":{"line":19,"column":4},"end":{"line":26,"column":6}},"15":{"start":{"line":20,"column":8},"end":{"line":23,"column":9}},"16":{"start":{"line":21,"column":12},"end":{"line":21,"column":49}},"17":{"start":{"line":22,"column":12},"end":{"line":22,"column":21}},"18":{"start":{"line":24,"column":8},"end":{"line":24,"column":27}},"19":{"start":{"line":25,"column":8},"end":{"line":25,"column":37}},"20":{"start":{"line":28,"column":0},"end":{"line":40,"column":1}},"21":{"start":{"line":29,"column":4},"end":{"line":29,"column":44}},"22":{"start":{"line":30,"column":4},"end":{"line":39,"column":6}},"23":{"start":{"line":33,"column":8},"end":{"line":36,"column":9}},"24":{"start":{"line":34,"column":12},"end":{"line":34,"column":45}},"25":{"start":{"line":35,"column":12},"end":{"line":35,"column":21}},"26":{"start":{"line":37,"column":8},"end":{"line":37,"column":27}},"27":{"start":{"line":38,"column":8},"end":{"line":38,"column":37}},"28":{"start":{"line":41,"column":0},"end":{"line":53,"column":1}},"29":{"start":{"line":42,"column":4},"end":{"line":42,"column":36}},"30":{"start":{"line":43,"column":4},"end":{"line":52,"column":6}},"31":{"start":{"line":46,"column":8},"end":{"line":49,"column":9}},"32":{"start":{"line":47,"column":12},"end":{"line":47,"column":45}},"33":{"start":{"line":48,"column":12},"end":{"line":48,"column":21}},"34":{"start":{"line":50,"column":8},"end":{"line":50,"column":27}},"35":{"start":{"line":51,"column":8},"end":{"line":51,"column":37}}},"branchMap":{"1":{"line":6,"type":"if","locations":[{"start":{"line":6,"column":4},"end":{"line":6,"column":4}},{"start":{"line":6,"column":4},"end":{"line":6,"column":4}}]},"2":{"line":6,"type":"binary-expr","locations":[{"start":{"line":6,"column":8},"end":{"line":6,"column":29}},{"start":{"line":6,"column":33},"end":{"line":6,"column":53}},{"start":{"line":6,"column":57},"end":{"line":6,"column":77}},{"start":{"line":6,"column":81},"end":{"line":6,"column":107}},{"start":{"line":6,"column":111},"end":{"line":6,"column":133}}]},"3":{"line":11,"type":"if","locations":[{"start":{"line":11,"column":8},"end":{"line":11,"column":8}},{"start":{"line":11,"column":8},"end":{"line":11,"column":8}}]},"4":{"line":20,"type":"if","locations":[{"start":{"line":20,"column":8},"end":{"line":20,"column":8}},{"start":{"line":20,"column":8},"end":{"line":20,"column":8}}]},"5":{"line":33,"type":"if","locations":[{"start":{"line":33,"column":8},"end":{"line":33,"column":8}},{"start":{"line":33,"column":8},"end":{"line":33,"column":8}}]},"6":{"line":46,"type":"if","locations":[{"start":{"line":46,"column":8},"end":{"line":46,"column":8}},{"start":{"line":46,"column":8},"end":{"line":46,"column":8}}]}}}}