{"/Users/kairamsay/MyApi-304CEM/modules/film.js":{"path":"/Users/kairamsay/MyApi-304CEM/modules/film.js","s":{"1":1,"2":1,"3":1,"4":2,"5":1,"6":1,"7":1,"8":1,"9":0,"10":1,"11":1,"12":2,"13":2,"14":0,"15":2,"16":1,"17":3,"18":3,"19":3,"20":0,"21":3,"22":3,"23":1,"24":2,"25":2,"26":1,"27":1},"b":{"1":[1,1],"2":[0,1],"3":[0,2],"4":[0,3],"5":[1,2],"6":[1,1]},"f":{"1":2,"2":1,"3":2,"4":2,"5":3,"6":2},"fnMap":{"1":{"name":"(anonymous_1)","line":12,"loc":{"start":{"line":12,"column":22},"end":{"line":12,"column":54}}},"2":{"name":"(anonymous_2)","line":25,"loc":{"start":{"line":25,"column":18},"end":{"line":25,"column":48}}},"3":{"name":"(anonymous_3)","line":44,"loc":{"start":{"line":44,"column":19},"end":{"line":44,"column":57}}},"4":{"name":"(anonymous_4)","line":45,"loc":{"start":{"line":45,"column":63},"end":{"line":45,"column":93}}},"5":{"name":"(anonymous_5)","line":61,"loc":{"start":{"line":61,"column":19},"end":{"line":61,"column":46}}},"6":{"name":"(anonymous_6)","line":74,"loc":{"start":{"line":74,"column":21},"end":{"line":74,"column":42}}}},"statementMap":{"1":{"start":{"line":2,"column":0},"end":{"line":2,"column":34}},"2":{"start":{"line":3,"column":0},"end":{"line":3,"column":38}},"3":{"start":{"line":12,"column":0},"end":{"line":34,"column":1}},"4":{"start":{"line":13,"column":1},"end":{"line":33,"column":2}},"5":{"start":{"line":14,"column":2},"end":{"line":14,"column":41}},"6":{"start":{"line":16,"column":2},"end":{"line":23,"column":7}},"7":{"start":{"line":25,"column":2},"end":{"line":32,"column":4}},"8":{"start":{"line":27,"column":3},"end":{"line":31,"column":4},"skip":true},"9":{"start":{"line":28,"column":4},"end":{"line":28,"column":28},"skip":true},"10":{"start":{"line":30,"column":4},"end":{"line":30,"column":43},"skip":true},"11":{"start":{"line":44,"column":0},"end":{"line":53,"column":1}},"12":{"start":{"line":45,"column":1},"end":{"line":52,"column":3}},"13":{"start":{"line":47,"column":2},"end":{"line":51,"column":3},"skip":true},"14":{"start":{"line":48,"column":3},"end":{"line":48,"column":27},"skip":true},"15":{"start":{"line":50,"column":3},"end":{"line":50,"column":42},"skip":true},"16":{"start":{"line":61,"column":0},"end":{"line":82,"column":1}},"17":{"start":{"line":62,"column":1},"end":{"line":62,"column":50}},"18":{"start":{"line":64,"column":1},"end":{"line":81,"column":3}},"19":{"start":{"line":66,"column":2},"end":{"line":66,"column":63},"skip":true},"20":{"start":{"line":66,"column":11},"end":{"line":66,"column":63},"skip":true},"21":{"start":{"line":67,"column":2},"end":{"line":67,"column":31}},"22":{"start":{"line":69,"column":2},"end":{"line":72,"column":3}},"23":{"start":{"line":70,"column":3},"end":{"line":70,"column":48}},"24":{"start":{"line":74,"column":2},"end":{"line":80,"column":4}},"25":{"start":{"line":75,"column":3},"end":{"line":79,"column":4}},"26":{"start":{"line":76,"column":4},"end":{"line":76,"column":49}},"27":{"start":{"line":78,"column":4},"end":{"line":78,"column":32}}},"branchMap":{"1":{"line":13,"type":"if","locations":[{"start":{"line":13,"column":1},"end":{"line":13,"column":1}},{"start":{"line":13,"column":1},"end":{"line":13,"column":1}}]},"2":{"line":27,"type":"if","locations":[{"start":{"line":27,"column":3},"end":{"line":27,"column":3},"skip":true},{"start":{"line":27,"column":3},"end":{"line":27,"column":3},"skip":true}]},"3":{"line":47,"type":"if","locations":[{"start":{"line":47,"column":2},"end":{"line":47,"column":2},"skip":true},{"start":{"line":47,"column":2},"end":{"line":47,"column":2},"skip":true}]},"4":{"line":66,"type":"if","locations":[{"start":{"line":66,"column":2},"end":{"line":66,"column":2},"skip":true},{"start":{"line":66,"column":2},"end":{"line":66,"column":2},"skip":true}]},"5":{"line":69,"type":"if","locations":[{"start":{"line":69,"column":2},"end":{"line":69,"column":2}},{"start":{"line":69,"column":2},"end":{"line":69,"column":2}}]},"6":{"line":75,"type":"if","locations":[{"start":{"line":75,"column":3},"end":{"line":75,"column":3}},{"start":{"line":75,"column":3},"end":{"line":75,"column":3}}]}}},"/Users/kairamsay/MyApi-304CEM/modules/persistence.js":{"path":"/Users/kairamsay/MyApi-304CEM/modules/persistence.js","s":{"1":1,"2":1,"3":2,"4":2,"5":2,"6":0,"7":2,"8":1,"9":1,"10":0,"11":1,"12":1,"13":1,"14":1,"15":1,"16":0,"17":1,"18":1,"19":3,"20":3,"21":0,"22":3,"23":2,"24":1,"25":1,"26":2,"27":1,"28":1,"29":1,"30":0,"31":1,"32":1,"33":3,"34":1,"35":2,"36":2,"37":0,"38":2,"39":1,"40":1},"b":{"1":[0,2],"2":[1,1],"3":[0,1],"4":[0,1],"5":[0,3],"6":[2,1],"7":[1,1],"8":[0,1],"9":[1,2],"10":[3,2],"11":[0,2],"12":[1,1]},"f":{"1":2,"2":1,"3":1,"4":3,"5":3,"6":2,"7":1,"8":3,"9":2},"fnMap":{"1":{"name":"(anonymous_1)","line":16,"loc":{"start":{"line":16,"column":4},"end":{"line":16,"column":26}}},"2":{"name":"(anonymous_2)","line":40,"loc":{"start":{"line":40,"column":25},"end":{"line":40,"column":44}}},"3":{"name":"(anonymous_3)","line":41,"loc":{"start":{"line":41,"column":23},"end":{"line":41,"column":45}}},"4":{"name":"(anonymous_4)","line":57,"loc":{"start":{"line":57,"column":28},"end":{"line":57,"column":50}}},"5":{"name":"(anonymous_5)","line":60,"loc":{"start":{"line":60,"column":4},"end":{"line":60,"column":26}}},"6":{"name":"(anonymous_6)","line":79,"loc":{"start":{"line":79,"column":17},"end":{"line":79,"column":40}}},"7":{"name":"(anonymous_7)","line":85,"loc":{"start":{"line":85,"column":5},"end":{"line":85,"column":27}}},"8":{"name":"(anonymous_8)","line":103,"loc":{"start":{"line":103,"column":23},"end":{"line":103,"column":58}}},"9":{"name":"(anonymous_9)","line":108,"loc":{"start":{"line":108,"column":5},"end":{"line":108,"column":27}}}},"statementMap":{"1":{"start":{"line":2,"column":0},"end":{"line":2,"column":42}},"2":{"start":{"line":11,"column":0},"end":{"line":33,"column":1}},"3":{"start":{"line":12,"column":1},"end":{"line":12,"column":42}},"4":{"start":{"line":14,"column":1},"end":{"line":32,"column":3}},"5":{"start":{"line":18,"column":2},"end":{"line":20,"column":3},"skip":true},"6":{"start":{"line":19,"column":3},"end":{"line":19,"column":27},"skip":true},"7":{"start":{"line":21,"column":2},"end":{"line":31,"column":3}},"8":{"start":{"line":22,"column":3},"end":{"line":28,"column":5}},"9":{"start":{"line":24,"column":4},"end":{"line":26,"column":5},"skip":true},"10":{"start":{"line":25,"column":5},"end":{"line":25,"column":48},"skip":true},"11":{"start":{"line":27,"column":4},"end":{"line":27,"column":25}},"12":{"start":{"line":30,"column":3},"end":{"line":30,"column":34}},"13":{"start":{"line":40,"column":0},"end":{"line":49,"column":1}},"14":{"start":{"line":41,"column":1},"end":{"line":48,"column":3}},"15":{"start":{"line":43,"column":2},"end":{"line":47,"column":3},"skip":true},"16":{"start":{"line":44,"column":3},"end":{"line":44,"column":27},"skip":true},"17":{"start":{"line":46,"column":3},"end":{"line":46,"column":25},"skip":true},"18":{"start":{"line":57,"column":0},"end":{"line":71,"column":1}},"19":{"start":{"line":58,"column":1},"end":{"line":70,"column":3}},"20":{"start":{"line":62,"column":2},"end":{"line":64,"column":3},"skip":true},"21":{"start":{"line":63,"column":3},"end":{"line":63,"column":27},"skip":true},"22":{"start":{"line":65,"column":2},"end":{"line":69,"column":3}},"23":{"start":{"line":66,"column":3},"end":{"line":66,"column":44}},"24":{"start":{"line":68,"column":3},"end":{"line":68,"column":28}},"25":{"start":{"line":79,"column":0},"end":{"line":94,"column":1}},"26":{"start":{"line":80,"column":1},"end":{"line":93,"column":2}},"27":{"start":{"line":81,"column":2},"end":{"line":81,"column":40}},"28":{"start":{"line":83,"column":2},"end":{"line":92,"column":4}},"29":{"start":{"line":87,"column":3},"end":{"line":91,"column":4},"skip":true},"30":{"start":{"line":88,"column":4},"end":{"line":88,"column":28},"skip":true},"31":{"start":{"line":90,"column":4},"end":{"line":90,"column":26},"skip":true},"32":{"start":{"line":103,"column":0},"end":{"line":120,"column":1}},"33":{"start":{"line":104,"column":1},"end":{"line":119,"column":2}},"34":{"start":{"line":105,"column":2},"end":{"line":105,"column":47}},"35":{"start":{"line":107,"column":2},"end":{"line":118,"column":4}},"36":{"start":{"line":110,"column":3},"end":{"line":112,"column":4},"skip":true},"37":{"start":{"line":111,"column":4},"end":{"line":111,"column":35},"skip":true},"38":{"start":{"line":113,"column":3},"end":{"line":117,"column":4}},"39":{"start":{"line":114,"column":4},"end":{"line":114,"column":42}},"40":{"start":{"line":116,"column":4},"end":{"line":116,"column":26}}},"branchMap":{"1":{"line":18,"type":"if","locations":[{"start":{"line":18,"column":2},"end":{"line":18,"column":2},"skip":true},{"start":{"line":18,"column":2},"end":{"line":18,"column":2},"skip":true}]},"2":{"line":21,"type":"if","locations":[{"start":{"line":21,"column":2},"end":{"line":21,"column":2}},{"start":{"line":21,"column":2},"end":{"line":21,"column":2}}]},"3":{"line":24,"type":"if","locations":[{"start":{"line":24,"column":4},"end":{"line":24,"column":4},"skip":true},{"start":{"line":24,"column":4},"end":{"line":24,"column":4},"skip":true}]},"4":{"line":43,"type":"if","locations":[{"start":{"line":43,"column":2},"end":{"line":43,"column":2},"skip":true},{"start":{"line":43,"column":2},"end":{"line":43,"column":2},"skip":true}]},"5":{"line":62,"type":"if","locations":[{"start":{"line":62,"column":2},"end":{"line":62,"column":2},"skip":true},{"start":{"line":62,"column":2},"end":{"line":62,"column":2},"skip":true}]},"6":{"line":65,"type":"if","locations":[{"start":{"line":65,"column":2},"end":{"line":65,"column":2}},{"start":{"line":65,"column":2},"end":{"line":65,"column":2}}]},"7":{"line":80,"type":"if","locations":[{"start":{"line":80,"column":1},"end":{"line":80,"column":1}},{"start":{"line":80,"column":1},"end":{"line":80,"column":1}}]},"8":{"line":87,"type":"if","locations":[{"start":{"line":87,"column":3},"end":{"line":87,"column":3},"skip":true},{"start":{"line":87,"column":3},"end":{"line":87,"column":3},"skip":true}]},"9":{"line":104,"type":"if","locations":[{"start":{"line":104,"column":1},"end":{"line":104,"column":1}},{"start":{"line":104,"column":1},"end":{"line":104,"column":1}}]},"10":{"line":104,"type":"binary-expr","locations":[{"start":{"line":104,"column":5},"end":{"line":104,"column":21}},{"start":{"line":104,"column":25},"end":{"line":104,"column":49}}]},"11":{"line":110,"type":"if","locations":[{"start":{"line":110,"column":3},"end":{"line":110,"column":3},"skip":true},{"start":{"line":110,"column":3},"end":{"line":110,"column":3},"skip":true}]},"12":{"line":113,"type":"if","locations":[{"start":{"line":113,"column":3},"end":{"line":113,"column":3}},{"start":{"line":113,"column":3},"end":{"line":113,"column":3}}]}}}}